  text.cpp
C:\Program Files (x86)\Windows Kits\10\Include\10.0.22621.0\um\mmsyscom.h(94,30): error C4430: 缺少类型说明符 - 假定为 int。注意: C++ 不支持默认 int
  (编译源文件“text.cpp”)
  
C:\Program Files (x86)\Windows Kits\10\Include\10.0.22621.0\um\mmsyscom.h(94,21): error C2146: 语法错误: 缺少“;”(在标识符“MMVERSION”的前面)
  (编译源文件“text.cpp”)
  
C:\Program Files (x86)\Windows Kits\10\Include\10.0.22621.0\um\mmsyscom.h(102,20): error C2143: 语法错误: 缺少“;”(在“*”的前面)
  (编译源文件“text.cpp”)
  
C:\Program Files (x86)\Windows Kits\10\Include\10.0.22621.0\um\mmsyscom.h(102,27): error C4430: 缺少类型说明符 - 假定为 int。注意: C++ 不支持默认 int
  (编译源文件“text.cpp”)
  
C:\Program Files (x86)\Windows Kits\10\Include\10.0.22621.0\um\mmsyscom.h(112,21): error C3646: “ms”: 未知重写说明符
  (编译源文件“text.cpp”)
  
C:\Program Files (x86)\Windows Kits\10\Include\10.0.22621.0\um\mmsyscom.h(112,23): error C4430: 缺少类型说明符 - 假定为 int。注意: C++ 不支持默认 int
  (编译源文件“text.cpp”)
  
C:\Program Files (x86)\Windows Kits\10\Include\10.0.22621.0\um\mmsyscom.h(113,21): error C3646: “sample”: 未知重写说明符
  (编译源文件“text.cpp”)
  
C:\Program Files (x86)\Windows Kits\10\Include\10.0.22621.0\um\mmsyscom.h(113,27): error C4430: 缺少类型说明符 - 假定为 int。注意: C++ 不支持默认 int
  (编译源文件“text.cpp”)
  
C:\Program Files (x86)\Windows Kits\10\Include\10.0.22621.0\um\mmsyscom.h(114,21): error C3646: “cb”: 未知重写说明符
  (编译源文件“text.cpp”)
  
C:\Program Files (x86)\Windows Kits\10\Include\10.0.22621.0\um\mmsyscom.h(114,23): error C4430: 缺少类型说明符 - 假定为 int。注意: C++ 不支持默认 int
  (编译源文件“text.cpp”)
  
C:\Program Files (x86)\Windows Kits\10\Include\10.0.22621.0\um\mmsyscom.h(115,21): error C3646: “ticks”: 未知重写说明符
  (编译源文件“text.cpp”)
  
C:\Program Files (x86)\Windows Kits\10\Include\10.0.22621.0\um\mmsyscom.h(115,26): error C4430: 缺少类型说明符 - 假定为 int。注意: C++ 不支持默认 int
  (编译源文件“text.cpp”)
  
C:\Program Files (x86)\Windows Kits\10\Include\10.0.22621.0\um\mmsyscom.h(120,21): error C3646: “hour”: 未知重写说明符
  (编译源文件“text.cpp”)
  
C:\Program Files (x86)\Windows Kits\10\Include\10.0.22621.0\um\mmsyscom.h(120,25): error C4430: 缺少类型说明符 - 假定为 int。注意: C++ 不支持默认 int
  (编译源文件“text.cpp”)
  
C:\Program Files (x86)\Windows Kits\10\Include\10.0.22621.0\um\mmsyscom.h(121,21): error C3646: “min”: 未知重写说明符
  (编译源文件“text.cpp”)
  
C:\Program Files (x86)\Windows Kits\10\Include\10.0.22621.0\um\mmsyscom.h(121,24): error C4430: 缺少类型说明符 - 假定为 int。注意: C++ 不支持默认 int
  (编译源文件“text.cpp”)
  
C:\Program Files (x86)\Windows Kits\10\Include\10.0.22621.0\um\mmsyscom.h(122,21): error C3646: “sec”: 未知重写说明符
  (编译源文件“text.cpp”)
  
C:\Program Files (x86)\Windows Kits\10\Include\10.0.22621.0\um\mmsyscom.h(122,24): error C4430: 缺少类型说明符 - 假定为 int。注意: C++ 不支持默认 int
  (编译源文件“text.cpp”)
  
C:\Program Files (x86)\Windows Kits\10\Include\10.0.22621.0\um\mmsyscom.h(123,21): error C3646: “frame”: 未知重写说明符
  (编译源文件“text.cpp”)
  
C:\Program Files (x86)\Windows Kits\10\Include\10.0.22621.0\um\mmsyscom.h(123,26): error C4430: 缺少类型说明符 - 假定为 int。注意: C++ 不支持默认 int
  (编译源文件“text.cpp”)
  
C:\Program Files (x86)\Windows Kits\10\Include\10.0.22621.0\um\mmsyscom.h(124,21): error C3646: “fps”: 未知重写说明符
  (编译源文件“text.cpp”)
  
C:\Program Files (x86)\Windows Kits\10\Include\10.0.22621.0\um\mmsyscom.h(124,24): error C4430: 缺少类型说明符 - 假定为 int。注意: C++ 不支持默认 int
  (编译源文件“text.cpp”)
  
C:\Program Files (x86)\Windows Kits\10\Include\10.0.22621.0\um\mmsyscom.h(125,21): error C3646: “dummy”: 未知重写说明符
  (编译源文件“text.cpp”)
  
C:\Program Files (x86)\Windows Kits\10\Include\10.0.22621.0\um\mmsyscom.h(125,26): error C4430: 缺少类型说明符 - 假定为 int。注意: C++ 不支持默认 int
  (编译源文件“text.cpp”)
  
C:\Program Files (x86)\Windows Kits\10\Include\10.0.22621.0\um\mmsyscom.h(127,21): error C3646: “pad”: 未知重写说明符
  (编译源文件“text.cpp”)
  
C:\Program Files (x86)\Windows Kits\10\Include\10.0.22621.0\um\mmsyscom.h(127,24): error C2143: 语法错误: 缺少“,”(在“[”的前面)
  (编译源文件“text.cpp”)
  
C:\Program Files (x86)\Windows Kits\10\Include\10.0.22621.0\um\mmsyscom.h(127,27): error C2238: 意外的标记位于“;”之前
  (编译源文件“text.cpp”)
  
C:\Program Files (x86)\Windows Kits\10\Include\10.0.22621.0\um\mmsyscom.h(134,19): error C3646: “songptrpos”: 未知重写说明符
  (编译源文件“text.cpp”)
  
C:\Program Files (x86)\Windows Kits\10\Include\10.0.22621.0\um\mmsyscom.h(134,29): error C4430: 缺少类型说明符 - 假定为 int。注意: C++ 不支持默认 int
  (编译源文件“text.cpp”)
  
C:\Program Files (x86)\Windows Kits\10\Include\10.0.22621.0\um\mmsyscom.h(137,26): error C2143: 语法错误: 缺少“;”(在“*”的前面)
  (编译源文件“text.cpp”)
  
C:\Program Files (x86)\Windows Kits\10\Include\10.0.22621.0\um\mmsyscom.h(137,35): error C4430: 缺少类型说明符 - 假定为 int。注意: C++ 不支持默认 int
  (编译源文件“text.cpp”)
  
C:\Program Files (x86)\Windows Kits\10\Include\10.0.22621.0\um\mmsyscom.h(137,41): error C2143: 语法错误: 缺少“;”(在“*”的前面)
  (编译源文件“text.cpp”)
  
C:\Program Files (x86)\Windows Kits\10\Include\10.0.22621.0\um\mmsyscom.h(137,41): error C4430: 缺少类型说明符 - 假定为 int。注意: C++ 不支持默认 int
  (编译源文件“text.cpp”)
  
C:\Program Files (x86)\Windows Kits\10\Include\10.0.22621.0\um\mmsyscom.h(137,41): error C2377: “FAR”: 重定义；typedef 不能由任何其他符号重载
  (编译源文件“text.cpp”)
  C:\Program Files (x86)\Windows Kits\10\Include\10.0.22621.0\um\mmsyscom.h(102,14):
  参见“FAR”的声明
  
C:\Program Files (x86)\Windows Kits\10\Include\10.0.22621.0\um\mmsyscom.h(137,50): error C4430: 缺少类型说明符 - 假定为 int。注意: C++ 不支持默认 int
  (编译源文件“text.cpp”)
  
C:\Program Files (x86)\Windows Kits\10\Include\10.0.22621.0\um\mmsyscom.h(275,21): error C4430: 缺少类型说明符 - 假定为 int。注意: C++ 不支持默认 int
  (编译源文件“text.cpp”)
  
C:\Program Files (x86)\Windows Kits\10\Include\10.0.22621.0\um\mmsyscom.h(275,16): error C2065: “HDRVR”: 未声明的标识符
  (编译源文件“text.cpp”)
  
C:\Program Files (x86)\Windows Kits\10\Include\10.0.22621.0\um\mmsyscom.h(297,24): error C2146: 语法错误: 缺少“)”(在标识符“DRVCALLBACK”的前面)
  (编译源文件“text.cpp”)
  
C:\Program Files (x86)\Windows Kits\10\Include\10.0.22621.0\um\mmsyscom.h(297,24): error C2146: 语法错误: 缺少“;”(在标识符“DRVCALLBACK”的前面)
  (编译源文件“text.cpp”)
  
C:\Program Files (x86)\Windows Kits\10\Include\10.0.22621.0\um\mmsyscom.h(297,35): error C2059: 语法错误:“)”
  (编译源文件“text.cpp”)
  
C:\Program Files (x86)\Windows Kits\10\Include\10.0.22621.0\um\mmsyscom.h(297,43): error C4430: 缺少类型说明符 - 假定为 int。注意: C++ 不支持默认 int
  (编译源文件“text.cpp”)
  
C:\Program Files (x86)\Windows Kits\10\Include\10.0.22621.0\um\mmsyscom.h(297,37): error C2065: “HDRVR”: 未声明的标识符
  (编译源文件“text.cpp”)
  
C:\Program Files (x86)\Windows Kits\10\Include\10.0.22621.0\um\mmsyscom.h(297,43): error C2146: 语法错误: 缺少“)”(在标识符“hdrvr”的前面)
  (编译源文件“text.cpp”)
  
C:\Program Files (x86)\Windows Kits\10\Include\10.0.22621.0\um\mmsyscom.h(299,25): error C4430: 缺少类型说明符 - 假定为 int。注意: C++ 不支持默认 int
  (编译源文件“text.cpp”)
  
C:\Program Files (x86)\Windows Kits\10\Include\10.0.22621.0\um\mmsyscom.h(299,25): error C2378: “DRVCALLBACK”: 重定义；符号不能由 typedef 重载
  (编译源文件“text.cpp”)
  C:\Program Files (x86)\Windows Kits\10\Include\10.0.22621.0\um\mmsyscom.h(297,24):
  参见“DRVCALLBACK”的声明
  
C:\Program Files (x86)\Windows Kits\10\Include\10.0.22621.0\um\mmsyscom.h(299,21): error C2146: 语法错误: 缺少“;”(在标识符“FAR”的前面)
  (编译源文件“text.cpp”)
  
C:\Program Files (x86)\Windows Kits\10\Include\10.0.22621.0\um\mmsyscom.h(299,25): error C2143: 语法错误: 缺少“;”(在“*”的前面)
  (编译源文件“text.cpp”)
  
C:\Program Files (x86)\Windows Kits\10\Include\10.0.22621.0\um\mmsyscom.h(299,21): error C2086: “int FAR”: 重定义
  (编译源文件“text.cpp”)
  C:\Program Files (x86)\Windows Kits\10\Include\10.0.22621.0\um\mmsyscom.h(137,37):
  参见“FAR”的声明
  
C:\Program Files (x86)\Windows Kits\10\Include\10.0.22621.0\um\mmsyscom.h(299,39): error C4430: 缺少类型说明符 - 假定为 int。注意: C++ 不支持默认 int
  (编译源文件“text.cpp”)
  
C:\Program Files (x86)\Windows Kits\10\Include\10.0.22621.0\um\mmsyscom.h(301,25): error C2143: 语法错误: 缺少“;”(在“*”的前面)
  (编译源文件“text.cpp”)
  
C:\Program Files (x86)\Windows Kits\10\Include\10.0.22621.0\um\mmsyscom.h(301,25): error C4430: 缺少类型说明符 - 假定为 int。注意: C++ 不支持默认 int
  (编译源文件“text.cpp”)
  
C:\Program Files (x86)\Windows Kits\10\Include\10.0.22621.0\um\mmsyscom.h(301,25): error C2378: “DRVCALLBACK”: 重定义；符号不能由 typedef 重载
  (编译源文件“text.cpp”)
  C:\Program Files (x86)\Windows Kits\10\Include\10.0.22621.0\um\mmsyscom.h(297,24):
  参见“DRVCALLBACK”的声明
  
C:\Program Files (x86)\Windows Kits\10\Include\10.0.22621.0\um\mmsyscom.h(301,38): error C4430: 缺少类型说明符 - 假定为 int。注意: C++ 不支持默认 int
  (编译源文件“text.cpp”)
  
C:\Program Files (x86)\Windows Kits\10\Include\10.0.22621.0\um\mciapi.h(36,25): error C4430: 缺少类型说明符 - 假定为 int。注意: C++ 不支持默认 int
  (编译源文件“text.cpp”)
  
C:\Program Files (x86)\Windows Kits\10\Include\10.0.22621.0\um\mciapi.h(36,17): error C2146: 语法错误: 缺少“;”(在标识符“MCIERROR”的前面)
  (编译源文件“text.cpp”)
  
C:\Program Files (x86)\Windows Kits\10\Include\10.0.22621.0\um\mciapi.h(44,24): error C2143: 语法错误: 缺少“)”(在“*”的前面)
  (编译源文件“text.cpp”)
  
C:\Program Files (x86)\Windows Kits\10\Include\10.0.22621.0\um\mciapi.h(44,24): error C2143: 语法错误: 缺少“;”(在“*”的前面)
  (编译源文件“text.cpp”)
  
C:\Program Files (x86)\Windows Kits\10\Include\10.0.22621.0\um\mciapi.h(44,15): error C2371: “CALLBACK”: 重定义；不同的基类型
  (编译源文件“text.cpp”)
  C:\Program Files (x86)\Windows Kits\10\Include\10.0.22621.0\um\mmsyscom.h(297,15):
  参见“CALLBACK”的声明
  
C:\Program Files (x86)\Windows Kits\10\Include\10.0.22621.0\um\mciapi.h(44,34): error C2059: 语法错误:“)”
  (编译源文件“text.cpp”)
  
C:\Program Files (x86)\Windows Kits\10\Include\10.0.22621.0\um\mciapi.h(44,73): error C4430: 缺少类型说明符 - 假定为 int。注意: C++ 不支持默认 int
  (编译源文件“text.cpp”)
  
C:\Program Files (x86)\Windows Kits\10\Include\10.0.22621.0\um\mciapi.h(51,1): error C4430: 缺少类型说明符 - 假定为 int。注意: C++ 不支持默认 int
  (编译源文件“text.cpp”)
  
C:\Program Files (x86)\Windows Kits\10\Include\10.0.22621.0\um\mciapi.h(50,1): error C2146: 语法错误: 缺少“;”(在标识符“MCIERROR”的前面)
  (编译源文件“text.cpp”)
  
C:\Program Files (x86)\Windows Kits\10\Include\10.0.22621.0\um\mciapi.h(61,1): error C4430: 缺少类型说明符 - 假定为 int。注意: C++ 不支持默认 int
  (编译源文件“text.cpp”)
  
C:\Program Files (x86)\Windows Kits\10\Include\10.0.22621.0\um\mciapi.h(59,1): error C2086: “int DECLSPEC_IMPORT”: 重定义
  (编译源文件“text.cpp”)
  C:\Program Files (x86)\Windows Kits\10\Include\10.0.22621.0\um\mciapi.h(49,1):
  参见“DECLSPEC_IMPORT”的声明
  
C:\Program Files (x86)\Windows Kits\10\Include\10.0.22621.0\um\mciapi.h(60,1): error C2146: 语法错误: 缺少“;”(在标识符“MCIERROR”的前面)
  (编译源文件“text.cpp”)
  
C:\Program Files (x86)\Windows Kits\10\Include\10.0.22621.0\um\mciapi.h(76,1): error C4430: 缺少类型说明符 - 假定为 int。注意: C++ 不支持默认 int
  (编译源文件“text.cpp”)
  
C:\Program Files (x86)\Windows Kits\10\Include\10.0.22621.0\um\mciapi.h(74,1): error C2086: “int DECLSPEC_IMPORT”: 重定义
  (编译源文件“text.cpp”)
  C:\Program Files (x86)\Windows Kits\10\Include\10.0.22621.0\um\mciapi.h(49,1):
  参见“DECLSPEC_IMPORT”的声明
  
C:\Program Files (x86)\Windows Kits\10\Include\10.0.22621.0\um\mciapi.h(75,1): error C2146: 语法错误: 缺少“;”(在标识符“MCIERROR”的前面)
  (编译源文件“text.cpp”)
  
C:\Program Files (x86)\Windows Kits\10\Include\10.0.22621.0\um\mciapi.h(86,1): error C4430: 缺少类型说明符 - 假定为 int。注意: C++ 不支持默认 int
  (编译源文件“text.cpp”)
  
C:\Program Files (x86)\Windows Kits\10\Include\10.0.22621.0\um\mciapi.h(84,1): error C2086: “int DECLSPEC_IMPORT”: 重定义
  (编译源文件“text.cpp”)
  C:\Program Files (x86)\Windows Kits\10\Include\10.0.22621.0\um\mciapi.h(49,1):
  参见“DECLSPEC_IMPORT”的声明
  
C:\Program Files (x86)\Windows Kits\10\Include\10.0.22621.0\um\mciapi.h(85,1): error C2146: 语法错误: 缺少“;”(在标识符“MCIERROR”的前面)
  (编译源文件“text.cpp”)
  
C:\Program Files (x86)\Windows Kits\10\Include\10.0.22621.0\um\mciapi.h(101,1): error C4430: 缺少类型说明符 - 假定为 int。注意: C++ 不支持默认 int
  (编译源文件“text.cpp”)
  
C:\Program Files (x86)\Windows Kits\10\Include\10.0.22621.0\um\mciapi.h(99,1): error C2086: “int DECLSPEC_IMPORT”: 重定义
  (编译源文件“text.cpp”)
  C:\Program Files (x86)\Windows Kits\10\Include\10.0.22621.0\um\mciapi.h(49,1):
  参见“DECLSPEC_IMPORT”的声明
  
C:\Program Files (x86)\Windows Kits\10\Include\10.0.22621.0\um\mciapi.h(100,1): error C2146: 语法错误: 缺少“;”(在标识符“MCIDEVICEID”的前面)
  (编译源文件“text.cpp”)
  
C:\Program Files (x86)\Windows Kits\10\Include\10.0.22621.0\um\mciapi.h(108,1): error C4430: 缺少类型说明符 - 假定为 int。注意: C++ 不支持默认 int
  (编译源文件“text.cpp”)
  
C:\Program Files (x86)\Windows Kits\10\Include\10.0.22621.0\um\mciapi.h(106,1): error C2086: “int DECLSPEC_IMPORT”: 重定义
  (编译源文件“text.cpp”)
  C:\Program Files (x86)\Windows Kits\10\Include\10.0.22621.0\um\mciapi.h(49,1):
  参见“DECLSPEC_IMPORT”的声明
  
C:\Program Files (x86)\Windows Kits\10\Include\10.0.22621.0\um\mciapi.h(107,1): error C2146: 语法错误: 缺少“;”(在标识符“MCIDEVICEID”的前面)
  (编译源文件“text.cpp”)
  
C:\Program Files (x86)\Windows Kits\10\Include\10.0.22621.0\um\mciapi.h(120,1): error C4430: 缺少类型说明符 - 假定为 int。注意: C++ 不支持默认 int
  (编译源文件“text.cpp”)
  
C:\Program Files (x86)\Windows Kits\10\Include\10.0.22621.0\um\mciapi.h(118,1): error C2086: “int DECLSPEC_IMPORT”: 重定义
  (编译源文件“text.cpp”)
  C:\Program Files (x86)\Windows Kits\10\Include\10.0.22621.0\um\mciapi.h(49,1):
  参见“DECLSPEC_IMPORT”的声明
  
C:\Program Files (x86)\Windows Kits\10\Include\10.0.22621.0\um\mciapi.h(119,1): error C2146: 语法错误: 缺少“;”(在标识符“MCIDEVICEID”的前面)
  (编译源文件“text.cpp”)
  
C:\Program Files (x86)\Windows Kits\10\Include\10.0.22621.0\um\mciapi.h(128,1): error C4430: 缺少类型说明符 - 假定为 int。注意: C++ 不支持默认 int
  (编译源文件“text.cpp”)
  
C:\Program Files (x86)\Windows Kits\10\Include\10.0.22621.0\um\mciapi.h(126,1): error C2086: “int DECLSPEC_IMPORT”: 重定义
  (编译源文件“text.cpp”)
  C:\Program Files (x86)\Windows Kits\10\Include\10.0.22621.0\um\mciapi.h(49,1):
  参见“DECLSPEC_IMPORT”的声明
  
C:\Program Files (x86)\Windows Kits\10\Include\10.0.22621.0\um\mciapi.h(127,1): error C2146: 语法错误: 缺少“;”(在标识符“MCIDEVICEID”的前面)
  (编译源文件“text.cpp”)
  
C:\Program Files (x86)\Windows Kits\10\Include\10.0.22621.0\um\mciapi.h(141,1): error C4430: 缺少类型说明符 - 假定为 int。注意: C++ 不支持默认 int
  (编译源文件“text.cpp”)
  
C:\Program Files (x86)\Windows Kits\10\Include\10.0.22621.0\um\mciapi.h(139,1): error C2086: “int DECLSPEC_IMPORT”: 重定义
  (编译源文件“text.cpp”)
  C:\Program Files (x86)\Windows Kits\10\Include\10.0.22621.0\um\mciapi.h(49,1):
  参见“DECLSPEC_IMPORT”的声明
  
C:\Program Files (x86)\Windows Kits\10\Include\10.0.22621.0\um\mciapi.h(140,1): error C2146: 语法错误: 缺少“;”(在标识符“BOOL”的前面)
  (编译源文件“text.cpp”)
  
C:\Program Files (x86)\Windows Kits\10\Include\10.0.22621.0\um\mciapi.h(150,1): error C4430: 缺少类型说明符 - 假定为 int。注意: C++ 不支持默认 int
  (编译源文件“text.cpp”)
  
C:\Program Files (x86)\Windows Kits\10\Include\10.0.22621.0\um\mciapi.h(148,1): error C2086: “int DECLSPEC_IMPORT”: 重定义
  (编译源文件“text.cpp”)
  C:\Program Files (x86)\Windows Kits\10\Include\10.0.22621.0\um\mciapi.h(49,1):
  参见“DECLSPEC_IMPORT”的声明
  
C:\Program Files (x86)\Windows Kits\10\Include\10.0.22621.0\um\mciapi.h(149,1): error C2146: 语法错误: 缺少“;”(在标识符“BOOL”的前面)
  (编译源文件“text.cpp”)
  
C:\Program Files (x86)\Windows Kits\10\Include\10.0.22621.0\um\mciapi.h(171,1): error C4430: 缺少类型说明符 - 假定为 int。注意: C++ 不支持默认 int
  (编译源文件“text.cpp”)
  
C:\Program Files (x86)\Windows Kits\10\Include\10.0.22621.0\um\mciapi.h(169,1): error C2086: “int DECLSPEC_IMPORT”: 重定义
  (编译源文件“text.cpp”)
  C:\Program Files (x86)\Windows Kits\10\Include\10.0.22621.0\um\mciapi.h(49,1):
  参见“DECLSPEC_IMPORT”的声明
  
C:\Program Files (x86)\Windows Kits\10\Include\10.0.22621.0\um\mciapi.h(170,1): error C2146: 语法错误: 缺少“;”(在标识符“BOOL”的前面)
  (编译源文件“text.cpp”)
  
C:\Program Files (x86)\Windows Kits\10\Include\10.0.22621.0\um\mciapi.h(200,1): error C4430: 缺少类型说明符 - 假定为 int。注意: C++ 不支持默认 int
  (编译源文件“text.cpp”)
  
C:\Program Files (x86)\Windows Kits\10\Include\10.0.22621.0\um\mciapi.h(198,1): error C2086: “int DECLSPEC_IMPORT”: 重定义
  (编译源文件“text.cpp”)
  C:\Program Files (x86)\Windows Kits\10\Include\10.0.22621.0\um\mciapi.h(49,1):
  参见“DECLSPEC_IMPORT”的声明
  
C:\Program Files (x86)\Windows Kits\10\Include\10.0.22621.0\um\mciapi.h(199,1): error C2146: 语法错误: 缺少“;”(在标识符“BOOL”的前面)
  (编译源文件“text.cpp”)
  
C:\Program Files (x86)\Windows Kits\10\Include\10.0.22621.0\um\mciapi.h(495,17): error C3646: “dwCallback”: 未知重写说明符
  (编译源文件“text.cpp”)
  
C:\Program Files (x86)\Windows Kits\10\Include\10.0.22621.0\um\mciapi.h(495,27): error C4430: 缺少类型说明符 - 假定为 int。注意: C++ 不支持默认 int
  (编译源文件“text.cpp”)
  
C:\Program Files (x86)\Windows Kits\10\Include\10.0.22621.0\um\mciapi.h(496,47): error C2143: 语法错误: 缺少“;”(在“*”的前面)
  (编译源文件“text.cpp”)
  
C:\Program Files (x86)\Windows Kits\10\Include\10.0.22621.0\um\mciapi.h(496,43): error C2371: “FAR”: 重定义；不同的基类型
  (编译源文件“text.cpp”)
  C:\Program Files (x86)\Windows Kits\10\Include\10.0.22621.0\um\mmsyscom.h(137,37):
  参见“FAR”的声明
  
C:\Program Files (x86)\Windows Kits\10\Include\10.0.22621.0\um\mciapi.h(496,67): error C4430: 缺少类型说明符 - 假定为 int。注意: C++ 不支持默认 int
  (编译源文件“text.cpp”)
  
C:\Program Files (x86)\Windows Kits\10\Include\10.0.22621.0\um\mciapi.h(502,17): error C3646: “dwCallback”: 未知重写说明符
  (编译源文件“text.cpp”)
  
C:\Program Files (x86)\Windows Kits\10\Include\10.0.22621.0\um\mciapi.h(502,27): error C4430: 缺少类型说明符 - 假定为 int。注意: C++ 不支持默认 int
  (编译源文件“text.cpp”)
  
C:\Program Files (x86)\Windows Kits\10\Include\10.0.22621.0\um\mciapi.h(504,16): error C3646: “lpstrDeviceType”: 未知重写说明符
  (编译源文件“text.cpp”)
  
C:\Program Files (x86)\Windows Kits\10\Include\10.0.22621.0\um\mciapi.h(504,31): error C4430: 缺少类型说明符 - 假定为 int。注意: C++ 不支持默认 int
  (编译源文件“text.cpp”)
  
C:\Program Files (x86)\Windows Kits\10\Include\10.0.22621.0\um\mciapi.h(505,16): error C3646: “lpstrElementName”: 未知重写说明符
  (编译源文件“text.cpp”)
  
C:\Program Files (x86)\Windows Kits\10\Include\10.0.22621.0\um\mciapi.h(505,32): error C4430: 缺少类型说明符 - 假定为 int。注意: C++ 不支持默认 int
  (编译源文件“text.cpp”)
  
C:\Program Files (x86)\Windows Kits\10\Include\10.0.22621.0\um\mciapi.h(506,16): error C3646: “lpstrAlias”: 未知重写说明符
  (编译源文件“text.cpp”)
  
C:\Program Files (x86)\Windows Kits\10\Include\10.0.22621.0\um\mciapi.h(506,26): error C4430: 缺少类型说明符 - 假定为 int。注意: C++ 不支持默认 int
  (编译源文件“text.cpp”)
  
C:\Program Files (x86)\Windows Kits\10\Include\10.0.22621.0\um\mciapi.h(509,17): error C3646: “dwCallback”: 未知重写说明符
  (编译源文件“text.cpp”)
  
C:\Program Files (x86)\Windows Kits\10\Include\10.0.22621.0\um\mciapi.h(509,27): error C4430: 缺少类型说明符 - 假定为 int。注意: C++ 不支持默认 int
  (编译源文件“text.cpp”)
  
C:\Program Files (x86)\Windows Kits\10\Include\10.0.22621.0\um\mciapi.h(511,16): error C3646: “lpstrDeviceType”: 未知重写说明符
  (编译源文件“text.cpp”)
  
C:\Program Files (x86)\Windows Kits\10\Include\10.0.22621.0\um\mciapi.h(511,31): error C4430: 缺少类型说明符 - 假定为 int。注意: C++ 不支持默认 int
  (编译源文件“text.cpp”)
  
C:\Program Files (x86)\Windows Kits\10\Include\10.0.22621.0\um\mciapi.h(512,16): error C3646: “lpstrElementName”: 未知重写说明符
  (编译源文件“text.cpp”)
  
C:\Program Files (x86)\Windows Kits\10\Include\10.0.22621.0\um\mciapi.h(512,32): error C4430: 缺少类型说明符 - 假定为 int。注意: C++ 不支持默认 int
  (编译源文件“text.cpp”)
  
C:\Program Files (x86)\Windows Kits\10\Include\10.0.22621.0\um\mciapi.h(513,16): error C3646: “lpstrAlias”: 未知重写说明符
  (编译源文件“text.cpp”)
  
C:\Program Files (x86)\Windows Kits\10\Include\10.0.22621.0\um\mciapi.h(513,26): error C4430: 缺少类型说明符 - 假定为 int。注意: C++ 不支持默认 int
  (编译源文件“text.cpp”)
  
C:\Program Files (x86)\Windows Kits\10\Include\10.0.22621.0\um\mciapi.h(538,17): error C3646: “dwCallback”: 未知重写说明符
  (编译源文件“text.cpp”)
  
C:\Program Files (x86)\Windows Kits\10\Include\10.0.22621.0\um\mciapi.h(538,27): error C4430: 缺少类型说明符 - 假定为 int。注意: C++ 不支持默认 int
  (编译源文件“text.cpp”)
  
C:\Program Files (x86)\Windows Kits\10\Include\10.0.22621.0\um\mciapi.h(541,41): error C2143: 语法错误: 缺少“;”(在“*”的前面)
  (编译源文件“text.cpp”)
  
C:\Program Files (x86)\Windows Kits\10\Include\10.0.22621.0\um\mciapi.h(541,37): error C2371: “FAR”: 重定义；不同的基类型
  (编译源文件“text.cpp”)
  C:\Program Files (x86)\Windows Kits\10\Include\10.0.22621.0\um\mmsyscom.h(137,37):
  参见“FAR”的声明
  
C:\Program Files (x86)\Windows Kits\10\Include\10.0.22621.0\um\mciapi.h(541,58): error C4430: 缺少类型说明符 - 假定为 int。注意: C++ 不支持默认 int
  (编译源文件“text.cpp”)
  
C:\Program Files (x86)\Windows Kits\10\Include\10.0.22621.0\um\mciapi.h(545,17): error C3646: “dwCallback”: 未知重写说明符
  (编译源文件“text.cpp”)
  
C:\Program Files (x86)\Windows Kits\10\Include\10.0.22621.0\um\mciapi.h(545,27): error C4430: 缺少类型说明符 - 假定为 int。注意: C++ 不支持默认 int
  (编译源文件“text.cpp”)
  
C:\Program Files (x86)\Windows Kits\10\Include\10.0.22621.0\um\mciapi.h(547,41): error C2143: 语法错误: 缺少“;”(在“*”的前面)
  (编译源文件“text.cpp”)
  
C:\Program Files (x86)\Windows Kits\10\Include\10.0.22621.0\um\mciapi.h(547,37): error C2371: “FAR”: 重定义；不同的基类型
  (编译源文件“text.cpp”)
  C:\Program Files (x86)\Windows Kits\10\Include\10.0.22621.0\um\mmsyscom.h(137,37):
  参见“FAR”的声明
  
C:\Program Files (x86)\Windows Kits\10\Include\10.0.22621.0\um\mciapi.h(547,58): error C4430: 缺少类型说明符 - 假定为 int。注意: C++ 不支持默认 int
  (编译源文件“text.cpp”)
  
C:\Program Files (x86)\Windows Kits\10\Include\10.0.22621.0\um\mciapi.h(551,17): error C3646: “dwCallback”: 未知重写说明符
  (编译源文件“text.cpp”)
  
C:\Program Files (x86)\Windows Kits\10\Include\10.0.22621.0\um\mciapi.h(551,27): error C4430: 缺少类型说明符 - 假定为 int。注意: C++ 不支持默认 int
  (编译源文件“text.cpp”)
  
C:\Program Files (x86)\Windows Kits\10\Include\10.0.22621.0\um\mciapi.h(552,17): error C3646: “dwReturn”: 未知重写说明符
  (编译源文件“text.cpp”)
  
C:\Program Files (x86)\Windows Kits\10\Include\10.0.22621.0\um\mciapi.h(552,25): error C4430: 缺少类型说明符 - 假定为 int。注意: C++ 不支持默认 int
  (编译源文件“text.cpp”)
  
C:\Program Files (x86)\Windows Kits\10\Include\10.0.22621.0\um\mciapi.h(555,45): error C2143: 语法错误: 缺少“;”(在“*”的前面)
  (编译源文件“text.cpp”)
  
C:\Program Files (x86)\Windows Kits\10\Include\10.0.22621.0\um\mciapi.h(555,41): error C2371: “FAR”: 重定义；不同的基类型
  (编译源文件“text.cpp”)
  C:\Program Files (x86)\Windows Kits\10\Include\10.0.22621.0\um\mmsyscom.h(137,37):
  参见“FAR”的声明
  
C:\Program Files (x86)\Windows Kits\10\Include\10.0.22621.0\um\mciapi.h(555,65): error C4430: 缺少类型说明符 - 假定为 int。注意: C++ 不支持默认 int
  (编译源文件“text.cpp”)
  
C:\Program Files (x86)\Windows Kits\10\Include\10.0.22621.0\um\mciapi.h(561,15): error C3646: “dwCallback”: 未知重写说明符
  (编译源文件“text.cpp”)
  
C:\Program Files (x86)\Windows Kits\10\Include\10.0.22621.0\um\mciapi.h(561,25): error C4430: 缺少类型说明符 - 假定为 int。注意: C++ 不支持默认 int
  (编译源文件“text.cpp”)
  
C:\Program Files (x86)\Windows Kits\10\Include\10.0.22621.0\um\mciapi.h(562,15): error C3646: “lpstrReturn”: 未知重写说明符
  (编译源文件“text.cpp”)
  
C:\Program Files (x86)\Windows Kits\10\Include\10.0.22621.0\um\mciapi.h(562,26): error C4430: 缺少类型说明符 - 假定为 int。注意: C++ 不支持默认 int
  (编译源文件“text.cpp”)
  
C:\Program Files (x86)\Windows Kits\10\Include\10.0.22621.0\um\mciapi.h(566,15): error C3646: “dwCallback”: 未知重写说明符
  (编译源文件“text.cpp”)
  
C:\Program Files (x86)\Windows Kits\10\Include\10.0.22621.0\um\mciapi.h(566,25): error C4430: 缺少类型说明符 - 假定为 int。注意: C++ 不支持默认 int
  (编译源文件“text.cpp”)
  
C:\Program Files (x86)\Windows Kits\10\Include\10.0.22621.0\um\mciapi.h(567,15): error C3646: “lpstrReturn”: 未知重写说明符
  (编译源文件“text.cpp”)
  
C:\Program Files (x86)\Windows Kits\10\Include\10.0.22621.0\um\mciapi.h(567,26): error C4430: 缺少类型说明符 - 假定为 int。注意: C++ 不支持默认 int
  (编译源文件“text.cpp”)
  
C:\Program Files (x86)\Windows Kits\10\Include\10.0.22621.0\um\mciapi.h(588,17): error C3646: “dwCallback”: 未知重写说明符
  (编译源文件“text.cpp”)
  
C:\Program Files (x86)\Windows Kits\10\Include\10.0.22621.0\um\mciapi.h(588,27): error C4430: 缺少类型说明符 - 假定为 int。注意: C++ 不支持默认 int
  (编译源文件“text.cpp”)
  
C:\Program Files (x86)\Windows Kits\10\Include\10.0.22621.0\um\mciapi.h(591,53): error C2143: 语法错误: 缺少“;”(在“*”的前面)
  (编译源文件“text.cpp”)
  
C:\Program Files (x86)\Windows Kits\10\Include\10.0.22621.0\um\mciapi.h(591,49): error C2371: “FAR”: 重定义；不同的基类型
  (编译源文件“text.cpp”)
  C:\Program Files (x86)\Windows Kits\10\Include\10.0.22621.0\um\mmsyscom.h(137,37):
  参见“FAR”的声明
  
C:\Program Files (x86)\Windows Kits\10\Include\10.0.22621.0\um\mciapi.h(591,77): error C4430: 缺少类型说明符 - 假定为 int。注意: C++ 不支持默认 int
  (编译源文件“text.cpp”)
  
C:\Program Files (x86)\Windows Kits\10\Include\10.0.22621.0\um\mciapi.h(597,17): error C3646: “dwCallback”: 未知重写说明符
  (编译源文件“text.cpp”)
  
C:\Program Files (x86)\Windows Kits\10\Include\10.0.22621.0\um\mciapi.h(597,27): error C4430: 缺少类型说明符 - 假定为 int。注意: C++ 不支持默认 int
  (编译源文件“text.cpp”)
  
C:\Program Files (x86)\Windows Kits\10\Include\10.0.22621.0\um\mciapi.h(598,17): error C3646: “lpstrReturn”: 未知重写说明符
  (编译源文件“text.cpp”)
  
C:\Program Files (x86)\Windows Kits\10\Include\10.0.22621.0\um\mciapi.h(598,28): error C4430: 缺少类型说明符 - 假定为 int。注意: C++ 不支持默认 int
  (编译源文件“text.cpp”)
  
C:\Program Files (x86)\Windows Kits\10\Include\10.0.22621.0\um\mciapi.h(604,17): error C3646: “dwCallback”: 未知重写说明符
  (编译源文件“text.cpp”)
  
C:\Program Files (x86)\Windows Kits\10\Include\10.0.22621.0\um\mciapi.h(604,27): error C4430: 缺少类型说明符 - 假定为 int。注意: C++ 不支持默认 int
  (编译源文件“text.cpp”)
  
C:\Program Files (x86)\Windows Kits\10\Include\10.0.22621.0\um\mciapi.h(605,17): error C3646: “lpstrReturn”: 未知重写说明符
  (编译源文件“text.cpp”)
  
C:\Program Files (x86)\Windows Kits\10\Include\10.0.22621.0\um\mciapi.h(605,28): error C4430: 缺少类型说明符 - 假定为 int。注意: C++ 不支持默认 int
  (编译源文件“text.cpp”)
  
C:\Program Files (x86)\Windows Kits\10\Include\10.0.22621.0\um\mciapi.h(632,17): error C3646: “dwCallback”: 未知重写说明符
  (编译源文件“text.cpp”)
  
C:\Program Files (x86)\Windows Kits\10\Include\10.0.22621.0\um\mciapi.h(632,27): error C4430: 缺少类型说明符 - 假定为 int。注意: C++ 不支持默认 int
  (编译源文件“text.cpp”)
  
C:\Program Files (x86)\Windows Kits\10\Include\10.0.22621.0\um\mciapi.h(635,39): error C2143: 语法错误: 缺少“;”(在“*”的前面)
  (编译源文件“text.cpp”)
  
C:\Program Files (x86)\Windows Kits\10\Include\10.0.22621.0\um\mciapi.h(635,35): error C2371: “FAR”: 重定义；不同的基类型
  (编译源文件“text.cpp”)
  C:\Program Files (x86)\Windows Kits\10\Include\10.0.22621.0\um\mmsyscom.h(137,37):
  参见“FAR”的声明
  
C:\Program Files (x86)\Windows Kits\10\Include\10.0.22621.0\um\mciapi.h(635,55): error C4430: 缺少类型说明符 - 假定为 int。注意: C++ 不支持默认 int
  (编译源文件“text.cpp”)
  
C:\Program Files (x86)\Windows Kits\10\Include\10.0.22621.0\um\mciapi.h(639,17): error C3646: “dwCallback”: 未知重写说明符
  (编译源文件“text.cpp”)
  
C:\Program Files (x86)\Windows Kits\10\Include\10.0.22621.0\um\mciapi.h(639,27): error C4430: 缺少类型说明符 - 假定为 int。注意: C++ 不支持默认 int
  (编译源文件“text.cpp”)
  
C:\Program Files (x86)\Windows Kits\10\Include\10.0.22621.0\um\mciapi.h(642,17): error C3646: “hwndBreak”: 未知重写说明符
  (编译源文件“text.cpp”)
  
C:\Program Files (x86)\Windows Kits\10\Include\10.0.22621.0\um\mciapi.h(642,26): error C4430: 缺少类型说明符 - 假定为 int。注意: C++ 不支持默认 int
  (编译源文件“text.cpp”)
  
C:\Program Files (x86)\Windows Kits\10\Include\10.0.22621.0\um\mciapi.h(649,43): error C2143: 语法错误: 缺少“;”(在“*”的前面)
  (编译源文件“text.cpp”)
  
C:\Program Files (x86)\Windows Kits\10\Include\10.0.22621.0\um\mciapi.h(649,39): error C2371: “FAR”: 重定义；不同的基类型
  (编译源文件“text.cpp”)
  C:\Program Files (x86)\Windows Kits\10\Include\10.0.22621.0\um\mmsyscom.h(137,37):
  参见“FAR”的声明
  
C:\Program Files (x86)\Windows Kits\10\Include\10.0.22621.0\um\mciapi.h(649,62): error C4430: 缺少类型说明符 - 假定为 int。注意: C++ 不支持默认 int
  (编译源文件“text.cpp”)
  
C:\Program Files (x86)\Windows Kits\10\Include\10.0.22621.0\um\mciapi.h(655,18): error C3646: “dwCallback”: 未知重写说明符
  (编译源文件“text.cpp”)
  
C:\Program Files (x86)\Windows Kits\10\Include\10.0.22621.0\um\mciapi.h(655,28): error C4430: 缺少类型说明符 - 假定为 int。注意: C++ 不支持默认 int
  (编译源文件“text.cpp”)
  
C:\Program Files (x86)\Windows Kits\10\Include\10.0.22621.0\um\mciapi.h(656,18): error C3646: “lpfilename”: 未知重写说明符
  (编译源文件“text.cpp”)
  
C:\Program Files (x86)\Windows Kits\10\Include\10.0.22621.0\um\mciapi.h(656,28): error C4430: 缺少类型说明符 - 假定为 int。注意: C++ 不支持默认 int
  (编译源文件“text.cpp”)
  
C:\Program Files (x86)\Windows Kits\10\Include\10.0.22621.0\um\mciapi.h(659,18): error C3646: “dwCallback”: 未知重写说明符
  (编译源文件“text.cpp”)
  
C:\Program Files (x86)\Windows Kits\10\Include\10.0.22621.0\um\mciapi.h(659,18): error C1003: 错误计数超过 100；正在停止编译
  (编译源文件“text.cpp”)
  
